<?xml version="1.0" encoding="UTF-8"?>
<robot generator="Robot 6.1.1 (Python 3.10.12 on linux)" generated="20231117 09:04:24.368" rpa="false" schemaversion="4">
<suite id="s1" name="Tests" source="/home/olkkonso/ohtu23-palautukset/viikko3/web-login/src/tests">
<suite id="s1-s1" name="Home" source="/home/olkkonso/ohtu23-palautukset/viikko3/web-login/src/tests/home.robot">
<kw name="Open And Configure Browser" library="resource" type="SETUP">
<kw name="Evaluate" library="BuiltIn">
<var>${options}</var>
<arg>sys.modules['selenium.webdriver'].ChromeOptions()</arg>
<arg>sys</arg>
<doc>Evaluates the given expression in Python and returns the result.</doc>
<msg timestamp="20231117 09:04:24.470" level="INFO">${options} = &lt;selenium.webdriver.chrome.options.Options object at 0x7f068bb7ddb0&gt;</msg>
<status status="PASS" starttime="20231117 09:04:24.470" endtime="20231117 09:04:24.470"/>
</kw>
<kw name="Call Method" library="BuiltIn">
<arg>${options}</arg>
<arg>add_argument</arg>
<arg>--no-sandbox</arg>
<doc>Calls the named method of the given object with the provided arguments.</doc>
<status status="PASS" starttime="20231117 09:04:24.470" endtime="20231117 09:04:24.470"/>
</kw>
<kw name="Call Method" library="BuiltIn">
<arg>${options}</arg>
<arg>add_argument</arg>
<arg>--headless</arg>
<doc>Calls the named method of the given object with the provided arguments.</doc>
<status status="PASS" starttime="20231117 09:04:24.470" endtime="20231117 09:04:24.470"/>
</kw>
<kw name="Open Browser" library="SeleniumLibrary">
<arg>browser=chrome</arg>
<arg>options=${options}</arg>
<doc>Opens a new browser instance to the optional ``url``.</doc>
<msg timestamp="20231117 09:04:24.471" level="INFO">Opening browser 'chrome' to base url 'None'.</msg>
<status status="PASS" starttime="20231117 09:04:24.470" endtime="20231117 09:04:25.120"/>
</kw>
<kw name="Set Selenium Speed" library="SeleniumLibrary">
<arg>${DELAY}</arg>
<doc>Sets the delay that is waited after each Selenium command.</doc>
<status status="PASS" starttime="20231117 09:04:25.120" endtime="20231117 09:04:25.120"/>
</kw>
<status status="PASS" starttime="20231117 09:04:24.469" endtime="20231117 09:04:25.120"/>
</kw>
<test id="s1-s1-t1" name="Click Login Link" line="8">
<kw name="Go To Main Page" library="resource" type="SETUP">
<kw name="Go To" library="SeleniumLibrary">
<arg>${HOME_URL}</arg>
<doc>Navigates the current browser window to the provided ``url``.</doc>
<msg timestamp="20231117 09:04:25.121" level="INFO">Opening url 'http://localhost:5001'</msg>
<status status="PASS" starttime="20231117 09:04:25.121" endtime="20231117 09:04:25.149"/>
</kw>
<status status="PASS" starttime="20231117 09:04:25.121" endtime="20231117 09:04:25.149"/>
</kw>
<kw name="Click Link" library="SeleniumLibrary">
<arg>Login</arg>
<doc>Clicks a link identified by ``locator``.</doc>
<msg timestamp="20231117 09:04:25.150" level="INFO">Clicking link 'Login'.</msg>
<status status="PASS" starttime="20231117 09:04:25.149" endtime="20231117 09:04:25.191"/>
</kw>
<kw name="Login Page Should Be Open" library="resource">
<kw name="Title Should Be" library="SeleniumLibrary">
<arg>Login</arg>
<doc>Verifies that the current page title equals ``title``.</doc>
<msg timestamp="20231117 09:04:25.194" level="INFO">Page title is 'Login'.</msg>
<status status="PASS" starttime="20231117 09:04:25.191" endtime="20231117 09:04:25.194"/>
</kw>
<status status="PASS" starttime="20231117 09:04:25.191" endtime="20231117 09:04:25.194"/>
</kw>
<status status="PASS" starttime="20231117 09:04:25.120" endtime="20231117 09:04:25.194"/>
</test>
<test id="s1-s1-t2" name="Click Register Link" line="12">
<kw name="Go To Main Page" library="resource" type="SETUP">
<kw name="Go To" library="SeleniumLibrary">
<arg>${HOME_URL}</arg>
<doc>Navigates the current browser window to the provided ``url``.</doc>
<msg timestamp="20231117 09:04:25.195" level="INFO">Opening url 'http://localhost:5001'</msg>
<status status="PASS" starttime="20231117 09:04:25.194" endtime="20231117 09:04:25.202"/>
</kw>
<status status="PASS" starttime="20231117 09:04:25.194" endtime="20231117 09:04:25.202"/>
</kw>
<kw name="Click Link" library="SeleniumLibrary">
<arg>Register new user</arg>
<doc>Clicks a link identified by ``locator``.</doc>
<msg timestamp="20231117 09:04:25.202" level="INFO">Clicking link 'Register new user'.</msg>
<status status="PASS" starttime="20231117 09:04:25.202" endtime="20231117 09:04:25.234"/>
</kw>
<kw name="Register Page Should Be Open" library="resource">
<kw name="Title Should Be" library="SeleniumLibrary">
<arg>Register</arg>
<doc>Verifies that the current page title equals ``title``.</doc>
<msg timestamp="20231117 09:04:25.236" level="INFO">Page title is 'Register'.</msg>
<status status="PASS" starttime="20231117 09:04:25.234" endtime="20231117 09:04:25.236"/>
</kw>
<status status="PASS" starttime="20231117 09:04:25.234" endtime="20231117 09:04:25.236"/>
</kw>
<status status="PASS" starttime="20231117 09:04:25.194" endtime="20231117 09:04:25.237"/>
</test>
<kw name="Close Browser" library="SeleniumLibrary" type="TEARDOWN">
<doc>Closes the current browser.</doc>
<status status="PASS" starttime="20231117 09:04:25.237" endtime="20231117 09:04:25.295"/>
</kw>
<status status="PASS" starttime="20231117 09:04:24.379" endtime="20231117 09:04:25.296"/>
</suite>
<suite id="s1-s2" name="Login" source="/home/olkkonso/ohtu23-palautukset/viikko3/web-login/src/tests/login.robot">
<kw name="Open And Configure Browser" library="resource" type="SETUP">
<kw name="Evaluate" library="BuiltIn">
<var>${options}</var>
<arg>sys.modules['selenium.webdriver'].ChromeOptions()</arg>
<arg>sys</arg>
<doc>Evaluates the given expression in Python and returns the result.</doc>
<msg timestamp="20231117 09:04:25.304" level="INFO">${options} = &lt;selenium.webdriver.chrome.options.Options object at 0x7f068bb7e5c0&gt;</msg>
<status status="PASS" starttime="20231117 09:04:25.303" endtime="20231117 09:04:25.304"/>
</kw>
<kw name="Call Method" library="BuiltIn">
<arg>${options}</arg>
<arg>add_argument</arg>
<arg>--no-sandbox</arg>
<doc>Calls the named method of the given object with the provided arguments.</doc>
<status status="PASS" starttime="20231117 09:04:25.304" endtime="20231117 09:04:25.305"/>
</kw>
<kw name="Call Method" library="BuiltIn">
<arg>${options}</arg>
<arg>add_argument</arg>
<arg>--headless</arg>
<doc>Calls the named method of the given object with the provided arguments.</doc>
<status status="PASS" starttime="20231117 09:04:25.305" endtime="20231117 09:04:25.305"/>
</kw>
<kw name="Open Browser" library="SeleniumLibrary">
<arg>browser=chrome</arg>
<arg>options=${options}</arg>
<doc>Opens a new browser instance to the optional ``url``.</doc>
<msg timestamp="20231117 09:04:25.306" level="INFO">Opening browser 'chrome' to base url 'None'.</msg>
<status status="PASS" starttime="20231117 09:04:25.305" endtime="20231117 09:04:25.975"/>
</kw>
<kw name="Set Selenium Speed" library="SeleniumLibrary">
<arg>${DELAY}</arg>
<doc>Sets the delay that is waited after each Selenium command.</doc>
<status status="PASS" starttime="20231117 09:04:25.975" endtime="20231117 09:04:25.975"/>
</kw>
<status status="PASS" starttime="20231117 09:04:25.303" endtime="20231117 09:04:25.975"/>
</kw>
<test id="s1-s2-t1" name="Login With Correct Credentials" line="8">
<kw name="Create User And Go To Login Page" type="SETUP">
<kw name="Create User" library="AppLibrary">
<arg>kalle</arg>
<arg>kalle123</arg>
<status status="PASS" starttime="20231117 09:04:25.976" endtime="20231117 09:04:25.981"/>
</kw>
<kw name="Go To Login Page" library="resource">
<kw name="Go To" library="SeleniumLibrary">
<arg>${LOGIN_URL}</arg>
<doc>Navigates the current browser window to the provided ``url``.</doc>
<msg timestamp="20231117 09:04:25.982" level="INFO">Opening url 'http://localhost:5001/login'</msg>
<status status="PASS" starttime="20231117 09:04:25.982" endtime="20231117 09:04:26.008"/>
</kw>
<status status="PASS" starttime="20231117 09:04:25.981" endtime="20231117 09:04:26.008"/>
</kw>
<kw name="Login Page Should Be Open" library="resource">
<kw name="Title Should Be" library="SeleniumLibrary">
<arg>Login</arg>
<doc>Verifies that the current page title equals ``title``.</doc>
<msg timestamp="20231117 09:04:26.011" level="INFO">Page title is 'Login'.</msg>
<status status="PASS" starttime="20231117 09:04:26.008" endtime="20231117 09:04:26.011"/>
</kw>
<status status="PASS" starttime="20231117 09:04:26.008" endtime="20231117 09:04:26.011"/>
</kw>
<status status="PASS" starttime="20231117 09:04:25.975" endtime="20231117 09:04:26.011"/>
</kw>
<kw name="Set Username">
<arg>kalle</arg>
<kw name="Input Text" library="SeleniumLibrary">
<arg>username</arg>
<arg>${username}</arg>
<doc>Types the given ``text`` into the text field identified by ``locator``.</doc>
<msg timestamp="20231117 09:04:26.012" level="INFO">Typing text 'kalle' into text field 'username'.</msg>
<status status="PASS" starttime="20231117 09:04:26.012" endtime="20231117 09:04:26.064"/>
</kw>
<status status="PASS" starttime="20231117 09:04:26.011" endtime="20231117 09:04:26.064"/>
</kw>
<kw name="Set Password">
<arg>kalle123</arg>
<kw name="Input Password" library="SeleniumLibrary">
<arg>password</arg>
<arg>${password}</arg>
<doc>Types the given password into the text field identified by ``locator``.</doc>
<msg timestamp="20231117 09:04:26.065" level="INFO">Typing password into text field 'password'.</msg>
<msg timestamp="20231117 09:04:26.082" level="INFO">Temporally setting log level to: NONE</msg>
<msg timestamp="20231117 09:04:26.101" level="INFO">Log level changed from NONE to INFO.</msg>
<status status="PASS" starttime="20231117 09:04:26.064" endtime="20231117 09:04:26.101"/>
</kw>
<status status="PASS" starttime="20231117 09:04:26.064" endtime="20231117 09:04:26.101"/>
</kw>
<kw name="Submit Credentials">
<kw name="Click Button" library="SeleniumLibrary">
<arg>Login</arg>
<doc>Clicks the button identified by ``locator``.</doc>
<msg timestamp="20231117 09:04:26.102" level="INFO">Clicking button 'Login'.</msg>
<status status="PASS" starttime="20231117 09:04:26.102" endtime="20231117 09:04:26.141"/>
</kw>
<status status="PASS" starttime="20231117 09:04:26.101" endtime="20231117 09:04:26.141"/>
</kw>
<kw name="Login Should Succeed">
<kw name="Main Page Should Be Open" library="resource">
<kw name="Title Should Be" library="SeleniumLibrary">
<arg>Ohtu Application main page</arg>
<doc>Verifies that the current page title equals ``title``.</doc>
<msg timestamp="20231117 09:04:26.143" level="INFO">Page title is 'Ohtu Application main page'.</msg>
<status status="PASS" starttime="20231117 09:04:26.141" endtime="20231117 09:04:26.143"/>
</kw>
<status status="PASS" starttime="20231117 09:04:26.141" endtime="20231117 09:04:26.143"/>
</kw>
<status status="PASS" starttime="20231117 09:04:26.141" endtime="20231117 09:04:26.143"/>
</kw>
<status status="PASS" starttime="20231117 09:04:25.975" endtime="20231117 09:04:26.143"/>
</test>
<test id="s1-s2-t2" name="Login With Incorrect Password" line="14">
<kw name="Create User And Go To Login Page" type="SETUP">
<kw name="Create User" library="AppLibrary">
<arg>kalle</arg>
<arg>kalle123</arg>
<status status="PASS" starttime="20231117 09:04:26.144" endtime="20231117 09:04:26.149"/>
</kw>
<kw name="Go To Login Page" library="resource">
<kw name="Go To" library="SeleniumLibrary">
<arg>${LOGIN_URL}</arg>
<doc>Navigates the current browser window to the provided ``url``.</doc>
<msg timestamp="20231117 09:04:26.150" level="INFO">Opening url 'http://localhost:5001/login'</msg>
<status status="PASS" starttime="20231117 09:04:26.150" endtime="20231117 09:04:26.157"/>
</kw>
<status status="PASS" starttime="20231117 09:04:26.149" endtime="20231117 09:04:26.157"/>
</kw>
<kw name="Login Page Should Be Open" library="resource">
<kw name="Title Should Be" library="SeleniumLibrary">
<arg>Login</arg>
<doc>Verifies that the current page title equals ``title``.</doc>
<msg timestamp="20231117 09:04:26.159" level="INFO">Page title is 'Login'.</msg>
<status status="PASS" starttime="20231117 09:04:26.157" endtime="20231117 09:04:26.159"/>
</kw>
<status status="PASS" starttime="20231117 09:04:26.157" endtime="20231117 09:04:26.159"/>
</kw>
<status status="PASS" starttime="20231117 09:04:26.144" endtime="20231117 09:04:26.159"/>
</kw>
<kw name="Set Username">
<arg>kalle</arg>
<kw name="Input Text" library="SeleniumLibrary">
<arg>username</arg>
<arg>${username}</arg>
<doc>Types the given ``text`` into the text field identified by ``locator``.</doc>
<msg timestamp="20231117 09:04:26.160" level="INFO">Typing text 'kalle' into text field 'username'.</msg>
<status status="PASS" starttime="20231117 09:04:26.160" endtime="20231117 09:04:26.194"/>
</kw>
<status status="PASS" starttime="20231117 09:04:26.159" endtime="20231117 09:04:26.194"/>
</kw>
<kw name="Set Password">
<arg>kalle456</arg>
<kw name="Input Password" library="SeleniumLibrary">
<arg>password</arg>
<arg>${password}</arg>
<doc>Types the given password into the text field identified by ``locator``.</doc>
<msg timestamp="20231117 09:04:26.195" level="INFO">Typing password into text field 'password'.</msg>
<msg timestamp="20231117 09:04:26.210" level="INFO">Temporally setting log level to: NONE</msg>
<msg timestamp="20231117 09:04:26.229" level="INFO">Log level changed from NONE to INFO.</msg>
<status status="PASS" starttime="20231117 09:04:26.195" endtime="20231117 09:04:26.229"/>
</kw>
<status status="PASS" starttime="20231117 09:04:26.194" endtime="20231117 09:04:26.229"/>
</kw>
<kw name="Submit Credentials">
<kw name="Click Button" library="SeleniumLibrary">
<arg>Login</arg>
<doc>Clicks the button identified by ``locator``.</doc>
<msg timestamp="20231117 09:04:26.230" level="INFO">Clicking button 'Login'.</msg>
<status status="PASS" starttime="20231117 09:04:26.230" endtime="20231117 09:04:26.260"/>
</kw>
<status status="PASS" starttime="20231117 09:04:26.230" endtime="20231117 09:04:26.260"/>
</kw>
<kw name="Login Should Fail With Message">
<arg>Invalid username or password</arg>
<kw name="Login Page Should Be Open" library="resource">
<kw name="Title Should Be" library="SeleniumLibrary">
<arg>Login</arg>
<doc>Verifies that the current page title equals ``title``.</doc>
<msg timestamp="20231117 09:04:26.263" level="INFO">Page title is 'Login'.</msg>
<status status="PASS" starttime="20231117 09:04:26.260" endtime="20231117 09:04:26.263"/>
</kw>
<status status="PASS" starttime="20231117 09:04:26.260" endtime="20231117 09:04:26.263"/>
</kw>
<kw name="Page Should Contain" library="SeleniumLibrary">
<arg>${message}</arg>
<doc>Verifies that current page contains ``text``.</doc>
<msg timestamp="20231117 09:04:26.271" level="INFO">Current page contains text 'Invalid username or password'.</msg>
<status status="PASS" starttime="20231117 09:04:26.263" endtime="20231117 09:04:26.271"/>
</kw>
<status status="PASS" starttime="20231117 09:04:26.260" endtime="20231117 09:04:26.271"/>
</kw>
<status status="PASS" starttime="20231117 09:04:26.143" endtime="20231117 09:04:26.271"/>
</test>
<test id="s1-s2-t3" name="Login With Nonexistent Username" line="20">
<kw name="Create User And Go To Login Page" type="SETUP">
<kw name="Create User" library="AppLibrary">
<arg>kalle</arg>
<arg>kalle123</arg>
<status status="PASS" starttime="20231117 09:04:26.272" endtime="20231117 09:04:26.277"/>
</kw>
<kw name="Go To Login Page" library="resource">
<kw name="Go To" library="SeleniumLibrary">
<arg>${LOGIN_URL}</arg>
<doc>Navigates the current browser window to the provided ``url``.</doc>
<msg timestamp="20231117 09:04:26.277" level="INFO">Opening url 'http://localhost:5001/login'</msg>
<status status="PASS" starttime="20231117 09:04:26.277" endtime="20231117 09:04:26.285"/>
</kw>
<status status="PASS" starttime="20231117 09:04:26.277" endtime="20231117 09:04:26.285"/>
</kw>
<kw name="Login Page Should Be Open" library="resource">
<kw name="Title Should Be" library="SeleniumLibrary">
<arg>Login</arg>
<doc>Verifies that the current page title equals ``title``.</doc>
<msg timestamp="20231117 09:04:26.287" level="INFO">Page title is 'Login'.</msg>
<status status="PASS" starttime="20231117 09:04:26.285" endtime="20231117 09:04:26.287"/>
</kw>
<status status="PASS" starttime="20231117 09:04:26.285" endtime="20231117 09:04:26.287"/>
</kw>
<status status="PASS" starttime="20231117 09:04:26.271" endtime="20231117 09:04:26.287"/>
</kw>
<kw name="Set Username">
<arg>sonja</arg>
<kw name="Input Text" library="SeleniumLibrary">
<arg>username</arg>
<arg>${username}</arg>
<doc>Types the given ``text`` into the text field identified by ``locator``.</doc>
<msg timestamp="20231117 09:04:26.288" level="INFO">Typing text 'sonja' into text field 'username'.</msg>
<status status="PASS" starttime="20231117 09:04:26.287" endtime="20231117 09:04:26.322"/>
</kw>
<status status="PASS" starttime="20231117 09:04:26.287" endtime="20231117 09:04:26.322"/>
</kw>
<kw name="Set Password">
<arg>sonja123</arg>
<kw name="Input Password" library="SeleniumLibrary">
<arg>password</arg>
<arg>${password}</arg>
<doc>Types the given password into the text field identified by ``locator``.</doc>
<msg timestamp="20231117 09:04:26.323" level="INFO">Typing password into text field 'password'.</msg>
<msg timestamp="20231117 09:04:26.338" level="INFO">Temporally setting log level to: NONE</msg>
<msg timestamp="20231117 09:04:26.356" level="INFO">Log level changed from NONE to INFO.</msg>
<status status="PASS" starttime="20231117 09:04:26.322" endtime="20231117 09:04:26.357"/>
</kw>
<status status="PASS" starttime="20231117 09:04:26.322" endtime="20231117 09:04:26.357"/>
</kw>
<kw name="Submit Credentials">
<kw name="Click Button" library="SeleniumLibrary">
<arg>Login</arg>
<doc>Clicks the button identified by ``locator``.</doc>
<msg timestamp="20231117 09:04:26.357" level="INFO">Clicking button 'Login'.</msg>
<status status="PASS" starttime="20231117 09:04:26.357" endtime="20231117 09:04:26.386"/>
</kw>
<status status="PASS" starttime="20231117 09:04:26.357" endtime="20231117 09:04:26.386"/>
</kw>
<kw name="Login Should Fail With Message">
<arg>Invalid username or password</arg>
<kw name="Login Page Should Be Open" library="resource">
<kw name="Title Should Be" library="SeleniumLibrary">
<arg>Login</arg>
<doc>Verifies that the current page title equals ``title``.</doc>
<msg timestamp="20231117 09:04:26.389" level="INFO">Page title is 'Login'.</msg>
<status status="PASS" starttime="20231117 09:04:26.387" endtime="20231117 09:04:26.389"/>
</kw>
<status status="PASS" starttime="20231117 09:04:26.387" endtime="20231117 09:04:26.389"/>
</kw>
<kw name="Page Should Contain" library="SeleniumLibrary">
<arg>${message}</arg>
<doc>Verifies that current page contains ``text``.</doc>
<msg timestamp="20231117 09:04:26.394" level="INFO">Current page contains text 'Invalid username or password'.</msg>
<status status="PASS" starttime="20231117 09:04:26.389" endtime="20231117 09:04:26.394"/>
</kw>
<status status="PASS" starttime="20231117 09:04:26.387" endtime="20231117 09:04:26.394"/>
</kw>
<status status="PASS" starttime="20231117 09:04:26.271" endtime="20231117 09:04:26.394"/>
</test>
<kw name="Close Browser" library="SeleniumLibrary" type="TEARDOWN">
<doc>Closes the current browser.</doc>
<status status="PASS" starttime="20231117 09:04:26.395" endtime="20231117 09:04:26.455"/>
</kw>
<status status="PASS" starttime="20231117 09:04:25.297" endtime="20231117 09:04:26.455"/>
</suite>
<suite id="s1-s3" name="Register" source="/home/olkkonso/ohtu23-palautukset/viikko3/web-login/src/tests/register.robot">
<kw name="Open And Configure Browser" library="resource" type="SETUP">
<kw name="Evaluate" library="BuiltIn">
<var>${options}</var>
<arg>sys.modules['selenium.webdriver'].ChromeOptions()</arg>
<arg>sys</arg>
<doc>Evaluates the given expression in Python and returns the result.</doc>
<msg timestamp="20231117 09:04:26.469" level="INFO">${options} = &lt;selenium.webdriver.chrome.options.Options object at 0x7f068b8d6860&gt;</msg>
<status status="PASS" starttime="20231117 09:04:26.468" endtime="20231117 09:04:26.469"/>
</kw>
<kw name="Call Method" library="BuiltIn">
<arg>${options}</arg>
<arg>add_argument</arg>
<arg>--no-sandbox</arg>
<doc>Calls the named method of the given object with the provided arguments.</doc>
<status status="PASS" starttime="20231117 09:04:26.469" endtime="20231117 09:04:26.469"/>
</kw>
<kw name="Call Method" library="BuiltIn">
<arg>${options}</arg>
<arg>add_argument</arg>
<arg>--headless</arg>
<doc>Calls the named method of the given object with the provided arguments.</doc>
<status status="PASS" starttime="20231117 09:04:26.469" endtime="20231117 09:04:26.469"/>
</kw>
<kw name="Open Browser" library="SeleniumLibrary">
<arg>browser=chrome</arg>
<arg>options=${options}</arg>
<doc>Opens a new browser instance to the optional ``url``.</doc>
<msg timestamp="20231117 09:04:26.470" level="INFO">Opening browser 'chrome' to base url 'None'.</msg>
<status status="PASS" starttime="20231117 09:04:26.469" endtime="20231117 09:04:27.136"/>
</kw>
<kw name="Set Selenium Speed" library="SeleniumLibrary">
<arg>${DELAY}</arg>
<doc>Sets the delay that is waited after each Selenium command.</doc>
<status status="PASS" starttime="20231117 09:04:27.137" endtime="20231117 09:04:27.137"/>
</kw>
<status status="PASS" starttime="20231117 09:04:26.467" endtime="20231117 09:04:27.137"/>
</kw>
<test id="s1-s3-t1" name="Register With Valid Username And Password" line="10">
<kw name="Go To Register Page" library="resource" type="SETUP">
<kw name="Go To" library="SeleniumLibrary">
<arg>${REGISTER_URL}</arg>
<doc>Navigates the current browser window to the provided ``url``.</doc>
<msg timestamp="20231117 09:04:27.138" level="INFO">Opening url 'http://localhost:5001/register'</msg>
<status status="PASS" starttime="20231117 09:04:27.137" endtime="20231117 09:04:27.163"/>
</kw>
<status status="PASS" starttime="20231117 09:04:27.137" endtime="20231117 09:04:27.163"/>
</kw>
<kw name="Set Username">
<arg>sonja</arg>
<kw name="Input Text" library="SeleniumLibrary">
<arg>username</arg>
<arg>${username}</arg>
<doc>Types the given ``text`` into the text field identified by ``locator``.</doc>
<msg timestamp="20231117 09:04:27.164" level="INFO">Typing text 'sonja' into text field 'username'.</msg>
<status status="PASS" starttime="20231117 09:04:27.163" endtime="20231117 09:04:27.216"/>
</kw>
<status status="PASS" starttime="20231117 09:04:27.163" endtime="20231117 09:04:27.216"/>
</kw>
<kw name="Set Password">
<arg>sonja123</arg>
<kw name="Input Password" library="SeleniumLibrary">
<arg>password</arg>
<arg>${password}</arg>
<doc>Types the given password into the text field identified by ``locator``.</doc>
<msg timestamp="20231117 09:04:27.217" level="INFO">Typing password into text field 'password'.</msg>
<msg timestamp="20231117 09:04:27.235" level="INFO">Temporally setting log level to: NONE</msg>
<msg timestamp="20231117 09:04:27.255" level="INFO">Log level changed from NONE to INFO.</msg>
<status status="PASS" starttime="20231117 09:04:27.216" endtime="20231117 09:04:27.255"/>
</kw>
<status status="PASS" starttime="20231117 09:04:27.216" endtime="20231117 09:04:27.255"/>
</kw>
<kw name="Confirm Password">
<arg>sonja123</arg>
<kw name="Input Password" library="SeleniumLibrary">
<arg>password_confirmation</arg>
<arg>${password}</arg>
<doc>Types the given password into the text field identified by ``locator``.</doc>
<msg timestamp="20231117 09:04:27.255" level="INFO">Typing password into text field 'password_confirmation'.</msg>
<msg timestamp="20231117 09:04:27.274" level="INFO">Temporally setting log level to: NONE</msg>
<msg timestamp="20231117 09:04:27.291" level="INFO">Log level changed from NONE to INFO.</msg>
<status status="PASS" starttime="20231117 09:04:27.255" endtime="20231117 09:04:27.291"/>
</kw>
<status status="PASS" starttime="20231117 09:04:27.255" endtime="20231117 09:04:27.291"/>
</kw>
<kw name="Submit Credentials">
<kw name="Click Button" library="SeleniumLibrary">
<arg>Register</arg>
<doc>Clicks the button identified by ``locator``.</doc>
<msg timestamp="20231117 09:04:27.292" level="INFO">Clicking button 'Register'.</msg>
<status status="PASS" starttime="20231117 09:04:27.292" endtime="20231117 09:04:27.330"/>
</kw>
<status status="PASS" starttime="20231117 09:04:27.292" endtime="20231117 09:04:27.330"/>
</kw>
<kw name="Registration Should Succeed">
<kw name="Welcome Page Should Be Open" library="resource">
<kw name="Title Should Be" library="SeleniumLibrary">
<arg>Welcome to Ohtu Application!</arg>
<doc>Verifies that the current page title equals ``title``.</doc>
<msg timestamp="20231117 09:04:27.334" level="INFO">Page title is 'Welcome to Ohtu Application!'.</msg>
<status status="PASS" starttime="20231117 09:04:27.331" endtime="20231117 09:04:27.334"/>
</kw>
<status status="PASS" starttime="20231117 09:04:27.331" endtime="20231117 09:04:27.334"/>
</kw>
<status status="PASS" starttime="20231117 09:04:27.330" endtime="20231117 09:04:27.334"/>
</kw>
<status status="PASS" starttime="20231117 09:04:27.137" endtime="20231117 09:04:27.334"/>
</test>
<test id="s1-s3-t2" name="Login After Successful Registration" line="17">
<kw name="Go To Register Page" library="resource" type="SETUP">
<kw name="Go To" library="SeleniumLibrary">
<arg>${REGISTER_URL}</arg>
<doc>Navigates the current browser window to the provided ``url``.</doc>
<msg timestamp="20231117 09:04:27.335" level="INFO">Opening url 'http://localhost:5001/register'</msg>
<status status="PASS" starttime="20231117 09:04:27.335" endtime="20231117 09:04:27.342"/>
</kw>
<status status="PASS" starttime="20231117 09:04:27.334" endtime="20231117 09:04:27.342"/>
</kw>
<kw name="Go To Login Page" library="resource">
<kw name="Go To" library="SeleniumLibrary">
<arg>${LOGIN_URL}</arg>
<doc>Navigates the current browser window to the provided ``url``.</doc>
<msg timestamp="20231117 09:04:27.342" level="INFO">Opening url 'http://localhost:5001/login'</msg>
<status status="PASS" starttime="20231117 09:04:27.342" endtime="20231117 09:04:27.350"/>
</kw>
<status status="PASS" starttime="20231117 09:04:27.342" endtime="20231117 09:04:27.350"/>
</kw>
<kw name="Set Username">
<arg>sonja</arg>
<kw name="Input Text" library="SeleniumLibrary">
<arg>username</arg>
<arg>${username}</arg>
<doc>Types the given ``text`` into the text field identified by ``locator``.</doc>
<msg timestamp="20231117 09:04:27.359" level="INFO">Typing text 'sonja' into text field 'username'.</msg>
<status status="PASS" starttime="20231117 09:04:27.350" endtime="20231117 09:04:27.393"/>
</kw>
<status status="PASS" starttime="20231117 09:04:27.350" endtime="20231117 09:04:27.393"/>
</kw>
<kw name="Set Password">
<arg>sonja123</arg>
<kw name="Input Password" library="SeleniumLibrary">
<arg>password</arg>
<arg>${password}</arg>
<doc>Types the given password into the text field identified by ``locator``.</doc>
<msg timestamp="20231117 09:04:27.394" level="INFO">Typing password into text field 'password'.</msg>
<msg timestamp="20231117 09:04:27.409" level="INFO">Temporally setting log level to: NONE</msg>
<msg timestamp="20231117 09:04:27.428" level="INFO">Log level changed from NONE to INFO.</msg>
<status status="PASS" starttime="20231117 09:04:27.394" endtime="20231117 09:04:27.428"/>
</kw>
<status status="PASS" starttime="20231117 09:04:27.394" endtime="20231117 09:04:27.428"/>
</kw>
<kw name="Submit Login Credentials" library="login_resource">
<kw name="Click Button" library="SeleniumLibrary">
<arg>Login</arg>
<doc>Clicks the button identified by ``locator``.</doc>
<msg timestamp="20231117 09:04:27.429" level="INFO">Clicking button 'Login'.</msg>
<status status="PASS" starttime="20231117 09:04:27.428" endtime="20231117 09:04:27.465"/>
</kw>
<status status="PASS" starttime="20231117 09:04:27.428" endtime="20231117 09:04:27.465"/>
</kw>
<kw name="Login Should Succeed" library="login_resource">
<kw name="Main Page Should Be Open" library="resource">
<kw name="Title Should Be" library="SeleniumLibrary">
<arg>Ohtu Application main page</arg>
<doc>Verifies that the current page title equals ``title``.</doc>
<msg timestamp="20231117 09:04:27.467" level="INFO">Page title is 'Ohtu Application main page'.</msg>
<status status="PASS" starttime="20231117 09:04:27.466" endtime="20231117 09:04:27.468"/>
</kw>
<status status="PASS" starttime="20231117 09:04:27.465" endtime="20231117 09:04:27.468"/>
</kw>
<status status="PASS" starttime="20231117 09:04:27.465" endtime="20231117 09:04:27.468"/>
</kw>
<status status="PASS" starttime="20231117 09:04:27.334" endtime="20231117 09:04:27.468"/>
</test>
<test id="s1-s3-t3" name="Register With Too Short Username And Valid Password" line="24">
<kw name="Go To Register Page" library="resource" type="SETUP">
<kw name="Go To" library="SeleniumLibrary">
<arg>${REGISTER_URL}</arg>
<doc>Navigates the current browser window to the provided ``url``.</doc>
<msg timestamp="20231117 09:04:27.469" level="INFO">Opening url 'http://localhost:5001/register'</msg>
<status status="PASS" starttime="20231117 09:04:27.468" endtime="20231117 09:04:27.475"/>
</kw>
<status status="PASS" starttime="20231117 09:04:27.468" endtime="20231117 09:04:27.476"/>
</kw>
<kw name="Set Username">
<arg>so</arg>
<kw name="Input Text" library="SeleniumLibrary">
<arg>username</arg>
<arg>${username}</arg>
<doc>Types the given ``text`` into the text field identified by ``locator``.</doc>
<msg timestamp="20231117 09:04:27.476" level="INFO">Typing text 'so' into text field 'username'.</msg>
<status status="PASS" starttime="20231117 09:04:27.476" endtime="20231117 09:04:27.509"/>
</kw>
<status status="PASS" starttime="20231117 09:04:27.476" endtime="20231117 09:04:27.509"/>
</kw>
<kw name="Set Password">
<arg>sonja123</arg>
<kw name="Input Password" library="SeleniumLibrary">
<arg>password</arg>
<arg>${password}</arg>
<doc>Types the given password into the text field identified by ``locator``.</doc>
<msg timestamp="20231117 09:04:27.510" level="INFO">Typing password into text field 'password'.</msg>
<msg timestamp="20231117 09:04:27.525" level="INFO">Temporally setting log level to: NONE</msg>
<msg timestamp="20231117 09:04:27.544" level="INFO">Log level changed from NONE to INFO.</msg>
<status status="PASS" starttime="20231117 09:04:27.510" endtime="20231117 09:04:27.544"/>
</kw>
<status status="PASS" starttime="20231117 09:04:27.509" endtime="20231117 09:04:27.544"/>
</kw>
<kw name="Confirm Password">
<arg>sonja123</arg>
<kw name="Input Password" library="SeleniumLibrary">
<arg>password_confirmation</arg>
<arg>${password}</arg>
<doc>Types the given password into the text field identified by ``locator``.</doc>
<msg timestamp="20231117 09:04:27.544" level="INFO">Typing password into text field 'password_confirmation'.</msg>
<msg timestamp="20231117 09:04:27.559" level="INFO">Temporally setting log level to: NONE</msg>
<msg timestamp="20231117 09:04:27.578" level="INFO">Log level changed from NONE to INFO.</msg>
<status status="PASS" starttime="20231117 09:04:27.544" endtime="20231117 09:04:27.578"/>
</kw>
<status status="PASS" starttime="20231117 09:04:27.544" endtime="20231117 09:04:27.578"/>
</kw>
<kw name="Submit Credentials">
<kw name="Click Button" library="SeleniumLibrary">
<arg>Register</arg>
<doc>Clicks the button identified by ``locator``.</doc>
<msg timestamp="20231117 09:04:27.579" level="INFO">Clicking button 'Register'.</msg>
<status status="PASS" starttime="20231117 09:04:27.579" endtime="20231117 09:04:27.610"/>
</kw>
<status status="PASS" starttime="20231117 09:04:27.579" endtime="20231117 09:04:27.610"/>
</kw>
<kw name="Registration Should Fail With Message">
<arg>Username must be at least 3 characters long and include only characters a-z</arg>
<kw name="Register Page Should Be Open" library="resource">
<kw name="Title Should Be" library="SeleniumLibrary">
<arg>Register</arg>
<doc>Verifies that the current page title equals ``title``.</doc>
<msg timestamp="20231117 09:04:27.613" level="INFO">Page title is 'Register'.</msg>
<status status="PASS" starttime="20231117 09:04:27.610" endtime="20231117 09:04:27.613"/>
</kw>
<status status="PASS" starttime="20231117 09:04:27.610" endtime="20231117 09:04:27.613"/>
</kw>
<kw name="Page Should Contain" library="SeleniumLibrary">
<arg>${message}</arg>
<doc>Verifies that current page contains ``text``.</doc>
<msg timestamp="20231117 09:04:27.621" level="INFO">Current page contains text 'Username must be at least 3 characters long and include only characters a-z'.</msg>
<status status="PASS" starttime="20231117 09:04:27.613" endtime="20231117 09:04:27.621"/>
</kw>
<status status="PASS" starttime="20231117 09:04:27.610" endtime="20231117 09:04:27.621"/>
</kw>
<status status="PASS" starttime="20231117 09:04:27.468" endtime="20231117 09:04:27.621"/>
</test>
<test id="s1-s3-t4" name="Login After Failed Registration" line="31">
<kw name="Go To Register Page" library="resource" type="SETUP">
<kw name="Go To" library="SeleniumLibrary">
<arg>${REGISTER_URL}</arg>
<doc>Navigates the current browser window to the provided ``url``.</doc>
<msg timestamp="20231117 09:04:27.622" level="INFO">Opening url 'http://localhost:5001/register'</msg>
<status status="PASS" starttime="20231117 09:04:27.622" endtime="20231117 09:04:27.630"/>
</kw>
<status status="PASS" starttime="20231117 09:04:27.622" endtime="20231117 09:04:27.630"/>
</kw>
<kw name="Go To Login Page" library="resource">
<kw name="Go To" library="SeleniumLibrary">
<arg>${LOGIN_URL}</arg>
<doc>Navigates the current browser window to the provided ``url``.</doc>
<msg timestamp="20231117 09:04:27.630" level="INFO">Opening url 'http://localhost:5001/login'</msg>
<status status="PASS" starttime="20231117 09:04:27.630" endtime="20231117 09:04:27.637"/>
</kw>
<status status="PASS" starttime="20231117 09:04:27.630" endtime="20231117 09:04:27.637"/>
</kw>
<kw name="Set Username">
<arg>so</arg>
<kw name="Input Text" library="SeleniumLibrary">
<arg>username</arg>
<arg>${username}</arg>
<doc>Types the given ``text`` into the text field identified by ``locator``.</doc>
<msg timestamp="20231117 09:04:27.638" level="INFO">Typing text 'so' into text field 'username'.</msg>
<status status="PASS" starttime="20231117 09:04:27.638" endtime="20231117 09:04:27.671"/>
</kw>
<status status="PASS" starttime="20231117 09:04:27.637" endtime="20231117 09:04:27.671"/>
</kw>
<kw name="Set Password">
<arg>sonja123</arg>
<kw name="Input Password" library="SeleniumLibrary">
<arg>password</arg>
<arg>${password}</arg>
<doc>Types the given password into the text field identified by ``locator``.</doc>
<msg timestamp="20231117 09:04:27.672" level="INFO">Typing password into text field 'password'.</msg>
<msg timestamp="20231117 09:04:27.687" level="INFO">Temporally setting log level to: NONE</msg>
<msg timestamp="20231117 09:04:27.706" level="INFO">Log level changed from NONE to INFO.</msg>
<status status="PASS" starttime="20231117 09:04:27.672" endtime="20231117 09:04:27.706"/>
</kw>
<status status="PASS" starttime="20231117 09:04:27.671" endtime="20231117 09:04:27.706"/>
</kw>
<kw name="Submit Login Credentials" library="login_resource">
<kw name="Click Button" library="SeleniumLibrary">
<arg>Login</arg>
<doc>Clicks the button identified by ``locator``.</doc>
<msg timestamp="20231117 09:04:27.706" level="INFO">Clicking button 'Login'.</msg>
<status status="PASS" starttime="20231117 09:04:27.706" endtime="20231117 09:04:27.736"/>
</kw>
<status status="PASS" starttime="20231117 09:04:27.706" endtime="20231117 09:04:27.736"/>
</kw>
<kw name="Login Should Fail With Message" library="login_resource">
<arg>Invalid username or password</arg>
<kw name="Login Page Should Be Open" library="resource">
<kw name="Title Should Be" library="SeleniumLibrary">
<arg>Login</arg>
<doc>Verifies that the current page title equals ``title``.</doc>
<msg timestamp="20231117 09:04:27.738" level="INFO">Page title is 'Login'.</msg>
<status status="PASS" starttime="20231117 09:04:27.736" endtime="20231117 09:04:27.738"/>
</kw>
<status status="PASS" starttime="20231117 09:04:27.736" endtime="20231117 09:04:27.738"/>
</kw>
<kw name="Page Should Contain" library="SeleniumLibrary">
<arg>${message}</arg>
<doc>Verifies that current page contains ``text``.</doc>
<msg timestamp="20231117 09:04:27.746" level="INFO">Current page contains text 'Invalid username or password'.</msg>
<status status="PASS" starttime="20231117 09:04:27.738" endtime="20231117 09:04:27.746"/>
</kw>
<status status="PASS" starttime="20231117 09:04:27.736" endtime="20231117 09:04:27.746"/>
</kw>
<status status="PASS" starttime="20231117 09:04:27.621" endtime="20231117 09:04:27.746"/>
</test>
<test id="s1-s3-t5" name="Register With Valid Username And Invalid Password" line="38">
<kw name="Go To Register Page" library="resource" type="SETUP">
<kw name="Go To" library="SeleniumLibrary">
<arg>${REGISTER_URL}</arg>
<doc>Navigates the current browser window to the provided ``url``.</doc>
<msg timestamp="20231117 09:04:27.747" level="INFO">Opening url 'http://localhost:5001/register'</msg>
<status status="PASS" starttime="20231117 09:04:27.747" endtime="20231117 09:04:27.755"/>
</kw>
<status status="PASS" starttime="20231117 09:04:27.747" endtime="20231117 09:04:27.755"/>
</kw>
<kw name="Set Username">
<arg>pekka</arg>
<kw name="Input Text" library="SeleniumLibrary">
<arg>username</arg>
<arg>${username}</arg>
<doc>Types the given ``text`` into the text field identified by ``locator``.</doc>
<msg timestamp="20231117 09:04:27.756" level="INFO">Typing text 'pekka' into text field 'username'.</msg>
<status status="PASS" starttime="20231117 09:04:27.755" endtime="20231117 09:04:27.790"/>
</kw>
<status status="PASS" starttime="20231117 09:04:27.755" endtime="20231117 09:04:27.790"/>
</kw>
<kw name="Set Password">
<arg>so</arg>
<kw name="Input Password" library="SeleniumLibrary">
<arg>password</arg>
<arg>${password}</arg>
<doc>Types the given password into the text field identified by ``locator``.</doc>
<msg timestamp="20231117 09:04:27.791" level="INFO">Typing password into text field 'password'.</msg>
<msg timestamp="20231117 09:04:27.806" level="INFO">Temporally setting log level to: NONE</msg>
<msg timestamp="20231117 09:04:27.823" level="INFO">Log level changed from NONE to INFO.</msg>
<status status="PASS" starttime="20231117 09:04:27.791" endtime="20231117 09:04:27.823"/>
</kw>
<status status="PASS" starttime="20231117 09:04:27.790" endtime="20231117 09:04:27.823"/>
</kw>
<kw name="Confirm Password">
<arg>so</arg>
<kw name="Input Password" library="SeleniumLibrary">
<arg>password_confirmation</arg>
<arg>${password}</arg>
<doc>Types the given password into the text field identified by ``locator``.</doc>
<msg timestamp="20231117 09:04:27.824" level="INFO">Typing password into text field 'password_confirmation'.</msg>
<msg timestamp="20231117 09:04:27.839" level="INFO">Temporally setting log level to: NONE</msg>
<msg timestamp="20231117 09:04:27.856" level="INFO">Log level changed from NONE to INFO.</msg>
<status status="PASS" starttime="20231117 09:04:27.824" endtime="20231117 09:04:27.856"/>
</kw>
<status status="PASS" starttime="20231117 09:04:27.824" endtime="20231117 09:04:27.857"/>
</kw>
<kw name="Submit Credentials">
<kw name="Click Button" library="SeleniumLibrary">
<arg>Register</arg>
<doc>Clicks the button identified by ``locator``.</doc>
<msg timestamp="20231117 09:04:27.857" level="INFO">Clicking button 'Register'.</msg>
<status status="PASS" starttime="20231117 09:04:27.857" endtime="20231117 09:04:27.886"/>
</kw>
<status status="PASS" starttime="20231117 09:04:27.857" endtime="20231117 09:04:27.886"/>
</kw>
<kw name="Registration Should Fail With Message">
<arg>Password must be at least 8 characters long and it can't include only letters</arg>
<kw name="Register Page Should Be Open" library="resource">
<kw name="Title Should Be" library="SeleniumLibrary">
<arg>Register</arg>
<doc>Verifies that the current page title equals ``title``.</doc>
<msg timestamp="20231117 09:04:27.888" level="INFO">Page title is 'Register'.</msg>
<status status="PASS" starttime="20231117 09:04:27.886" endtime="20231117 09:04:27.888"/>
</kw>
<status status="PASS" starttime="20231117 09:04:27.886" endtime="20231117 09:04:27.889"/>
</kw>
<kw name="Page Should Contain" library="SeleniumLibrary">
<arg>${message}</arg>
<doc>Verifies that current page contains ``text``.</doc>
<msg timestamp="20231117 09:04:27.896" level="INFO">Current page contains text 'Password must be at least 8 characters long and it can't include only letters'.</msg>
<status status="PASS" starttime="20231117 09:04:27.889" endtime="20231117 09:04:27.896"/>
</kw>
<status status="PASS" starttime="20231117 09:04:27.886" endtime="20231117 09:04:27.896"/>
</kw>
<status status="PASS" starttime="20231117 09:04:27.746" endtime="20231117 09:04:27.897"/>
</test>
<test id="s1-s3-t6" name="Register With Nonmatching Password And Password Confirmation" line="45">
<kw name="Go To Register Page" library="resource" type="SETUP">
<kw name="Go To" library="SeleniumLibrary">
<arg>${REGISTER_URL}</arg>
<doc>Navigates the current browser window to the provided ``url``.</doc>
<msg timestamp="20231117 09:04:27.898" level="INFO">Opening url 'http://localhost:5001/register'</msg>
<status status="PASS" starttime="20231117 09:04:27.897" endtime="20231117 09:04:27.905"/>
</kw>
<status status="PASS" starttime="20231117 09:04:27.897" endtime="20231117 09:04:27.905"/>
</kw>
<kw name="Set Username">
<arg>testi</arg>
<kw name="Input Text" library="SeleniumLibrary">
<arg>username</arg>
<arg>${username}</arg>
<doc>Types the given ``text`` into the text field identified by ``locator``.</doc>
<msg timestamp="20231117 09:04:27.906" level="INFO">Typing text 'testi' into text field 'username'.</msg>
<status status="PASS" starttime="20231117 09:04:27.906" endtime="20231117 09:04:27.940"/>
</kw>
<status status="PASS" starttime="20231117 09:04:27.905" endtime="20231117 09:04:27.940"/>
</kw>
<kw name="Set Password">
<arg>testi123</arg>
<kw name="Input Password" library="SeleniumLibrary">
<arg>password</arg>
<arg>${password}</arg>
<doc>Types the given password into the text field identified by ``locator``.</doc>
<msg timestamp="20231117 09:04:27.941" level="INFO">Typing password into text field 'password'.</msg>
<msg timestamp="20231117 09:04:27.956" level="INFO">Temporally setting log level to: NONE</msg>
<msg timestamp="20231117 09:04:27.975" level="INFO">Log level changed from NONE to INFO.</msg>
<status status="PASS" starttime="20231117 09:04:27.940" endtime="20231117 09:04:27.975"/>
</kw>
<status status="PASS" starttime="20231117 09:04:27.940" endtime="20231117 09:04:27.976"/>
</kw>
<kw name="Confirm Password">
<arg>testi321</arg>
<kw name="Input Password" library="SeleniumLibrary">
<arg>password_confirmation</arg>
<arg>${password}</arg>
<doc>Types the given password into the text field identified by ``locator``.</doc>
<msg timestamp="20231117 09:04:27.976" level="INFO">Typing password into text field 'password_confirmation'.</msg>
<msg timestamp="20231117 09:04:27.990" level="INFO">Temporally setting log level to: NONE</msg>
<msg timestamp="20231117 09:04:28.009" level="INFO">Log level changed from NONE to INFO.</msg>
<status status="PASS" starttime="20231117 09:04:27.976" endtime="20231117 09:04:28.009"/>
</kw>
<status status="PASS" starttime="20231117 09:04:27.976" endtime="20231117 09:04:28.009"/>
</kw>
<kw name="Submit Credentials">
<kw name="Click Button" library="SeleniumLibrary">
<arg>Register</arg>
<doc>Clicks the button identified by ``locator``.</doc>
<msg timestamp="20231117 09:04:28.010" level="INFO">Clicking button 'Register'.</msg>
<status status="PASS" starttime="20231117 09:04:28.010" endtime="20231117 09:04:28.039"/>
</kw>
<status status="PASS" starttime="20231117 09:04:28.010" endtime="20231117 09:04:28.039"/>
</kw>
<kw name="Registration Should Fail With Message">
<arg>Passwords do not match</arg>
<kw name="Register Page Should Be Open" library="resource">
<kw name="Title Should Be" library="SeleniumLibrary">
<arg>Register</arg>
<doc>Verifies that the current page title equals ``title``.</doc>
<msg timestamp="20231117 09:04:28.042" level="INFO">Page title is 'Register'.</msg>
<status status="PASS" starttime="20231117 09:04:28.040" endtime="20231117 09:04:28.042"/>
</kw>
<status status="PASS" starttime="20231117 09:04:28.040" endtime="20231117 09:04:28.042"/>
</kw>
<kw name="Page Should Contain" library="SeleniumLibrary">
<arg>${message}</arg>
<doc>Verifies that current page contains ``text``.</doc>
<msg timestamp="20231117 09:04:28.050" level="INFO">Current page contains text 'Passwords do not match'.</msg>
<status status="PASS" starttime="20231117 09:04:28.042" endtime="20231117 09:04:28.050"/>
</kw>
<status status="PASS" starttime="20231117 09:04:28.040" endtime="20231117 09:04:28.050"/>
</kw>
<status status="PASS" starttime="20231117 09:04:27.897" endtime="20231117 09:04:28.050"/>
</test>
<kw name="Close Browser" library="SeleniumLibrary" type="TEARDOWN">
<doc>Closes the current browser.</doc>
<status status="PASS" starttime="20231117 09:04:28.050" endtime="20231117 09:04:28.110"/>
</kw>
<status status="PASS" starttime="20231117 09:04:26.457" endtime="20231117 09:04:28.111"/>
</suite>
<status status="PASS" starttime="20231117 09:04:24.369" endtime="20231117 09:04:28.113"/>
</suite>
<statistics>
<total>
<stat pass="11" fail="0" skip="0">All Tests</stat>
</total>
<tag>
</tag>
<suite>
<stat pass="11" fail="0" skip="0" id="s1" name="Tests">Tests</stat>
<stat pass="2" fail="0" skip="0" id="s1-s1" name="Home">Tests.Home</stat>
<stat pass="3" fail="0" skip="0" id="s1-s2" name="Login">Tests.Login</stat>
<stat pass="6" fail="0" skip="0" id="s1-s3" name="Register">Tests.Register</stat>
</suite>
</statistics>
<errors>
</errors>
</robot>
