<?xml version="1.0" encoding="UTF-8"?>
<robot generator="Robot 6.1.1 (Python 3.10.12 on linux)" generated="20231115 17:58:51.453" rpa="false" schemaversion="4">
<suite id="s1" name="Tests" source="/home/olkkonso/ohtu23-palautukset/viikko3/login-robot/src/tests">
<suite id="s1-s1" name="Login" source="/home/olkkonso/ohtu23-palautukset/viikko3/login-robot/src/tests/login.robot">
<test id="s1-s1-t1" name="Login With Correct Credentials" line="6">
<kw name="Create User And Input Login Command" type="SETUP">
<kw name="Create User" library="AppLibrary">
<arg>kalle</arg>
<arg>kalle123</arg>
<status status="PASS" starttime="20231115 17:58:51.473" endtime="20231115 17:58:51.473"/>
</kw>
<kw name="Input Login Command" library="resource">
<kw name="Input" library="AppLibrary">
<arg>login</arg>
<status status="PASS" starttime="20231115 17:58:51.473" endtime="20231115 17:58:51.473"/>
</kw>
<status status="PASS" starttime="20231115 17:58:51.473" endtime="20231115 17:58:51.473"/>
</kw>
<status status="PASS" starttime="20231115 17:58:51.472" endtime="20231115 17:58:51.473"/>
</kw>
<kw name="Input Credentials" library="resource">
<arg>kalle</arg>
<arg>kalle123</arg>
<kw name="Input" library="AppLibrary">
<arg>${username}</arg>
<status status="PASS" starttime="20231115 17:58:51.474" endtime="20231115 17:58:51.474"/>
</kw>
<kw name="Input" library="AppLibrary">
<arg>${password}</arg>
<status status="PASS" starttime="20231115 17:58:51.474" endtime="20231115 17:58:51.474"/>
</kw>
<kw name="Run Application" library="AppLibrary">
<status status="PASS" starttime="20231115 17:58:51.474" endtime="20231115 17:58:51.474"/>
</kw>
<status status="PASS" starttime="20231115 17:58:51.473" endtime="20231115 17:58:51.474"/>
</kw>
<kw name="Output Should Contain" library="AppLibrary">
<arg>Logged in</arg>
<status status="PASS" starttime="20231115 17:58:51.474" endtime="20231115 17:58:51.474"/>
</kw>
<status status="PASS" starttime="20231115 17:58:51.472" endtime="20231115 17:58:51.475"/>
</test>
<test id="s1-s1-t2" name="Login With Incorrect Password" line="16">
<kw name="Create User And Input Login Command" type="SETUP">
<kw name="Create User" library="AppLibrary">
<arg>kalle</arg>
<arg>kalle123</arg>
<status status="PASS" starttime="20231115 17:58:51.475" endtime="20231115 17:58:51.475"/>
</kw>
<kw name="Input Login Command" library="resource">
<kw name="Input" library="AppLibrary">
<arg>login</arg>
<status status="PASS" starttime="20231115 17:58:51.475" endtime="20231115 17:58:51.475"/>
</kw>
<status status="PASS" starttime="20231115 17:58:51.475" endtime="20231115 17:58:51.476"/>
</kw>
<status status="PASS" starttime="20231115 17:58:51.475" endtime="20231115 17:58:51.476"/>
</kw>
<kw name="Input Credentials" library="resource">
<arg>kalle</arg>
<arg>pekka123</arg>
<kw name="Input" library="AppLibrary">
<arg>${username}</arg>
<status status="PASS" starttime="20231115 17:58:51.476" endtime="20231115 17:58:51.476"/>
</kw>
<kw name="Input" library="AppLibrary">
<arg>${password}</arg>
<status status="PASS" starttime="20231115 17:58:51.476" endtime="20231115 17:58:51.476"/>
</kw>
<kw name="Run Application" library="AppLibrary">
<status status="PASS" starttime="20231115 17:58:51.476" endtime="20231115 17:58:51.476"/>
</kw>
<status status="PASS" starttime="20231115 17:58:51.476" endtime="20231115 17:58:51.476"/>
</kw>
<kw name="Output Should Contain" library="AppLibrary">
<arg>Invalid username or password</arg>
<status status="PASS" starttime="20231115 17:58:51.476" endtime="20231115 17:58:51.476"/>
</kw>
<status status="PASS" starttime="20231115 17:58:51.475" endtime="20231115 17:58:51.476"/>
</test>
<test id="s1-s1-t3" name="Login With Nonexistent Username" line="20">
<kw name="Create User And Input Login Command" type="SETUP">
<kw name="Create User" library="AppLibrary">
<arg>kalle</arg>
<arg>kalle123</arg>
<status status="PASS" starttime="20231115 17:58:51.477" endtime="20231115 17:58:51.477"/>
</kw>
<kw name="Input Login Command" library="resource">
<kw name="Input" library="AppLibrary">
<arg>login</arg>
<status status="PASS" starttime="20231115 17:58:51.477" endtime="20231115 17:58:51.477"/>
</kw>
<status status="PASS" starttime="20231115 17:58:51.477" endtime="20231115 17:58:51.477"/>
</kw>
<status status="PASS" starttime="20231115 17:58:51.477" endtime="20231115 17:58:51.477"/>
</kw>
<kw name="Input Credentials" library="resource">
<arg>pekka</arg>
<arg>kalle123</arg>
<kw name="Input" library="AppLibrary">
<arg>${username}</arg>
<status status="PASS" starttime="20231115 17:58:51.478" endtime="20231115 17:58:51.478"/>
</kw>
<kw name="Input" library="AppLibrary">
<arg>${password}</arg>
<status status="PASS" starttime="20231115 17:58:51.478" endtime="20231115 17:58:51.478"/>
</kw>
<kw name="Run Application" library="AppLibrary">
<status status="PASS" starttime="20231115 17:58:51.478" endtime="20231115 17:58:51.478"/>
</kw>
<status status="PASS" starttime="20231115 17:58:51.478" endtime="20231115 17:58:51.478"/>
</kw>
<kw name="Output Should Contain" library="AppLibrary">
<arg>Invalid username or password</arg>
<status status="PASS" starttime="20231115 17:58:51.478" endtime="20231115 17:58:51.478"/>
</kw>
<status status="PASS" starttime="20231115 17:58:51.477" endtime="20231115 17:58:51.478"/>
</test>
<status status="PASS" starttime="20231115 17:58:51.467" endtime="20231115 17:58:51.479"/>
</suite>
<suite id="s1-s2" name="Register" source="/home/olkkonso/ohtu23-palautukset/viikko3/login-robot/src/tests/register.robot">
<test id="s1-s2-t1" name="Register With Valid Username And Password" line="7">
<kw name="Input New Command and Create User" type="SETUP">
<kw name="Input New Command" library="resource">
<kw name="Input" library="AppLibrary">
<arg>new</arg>
<status status="PASS" starttime="20231115 17:58:51.481" endtime="20231115 17:58:51.482"/>
</kw>
<status status="PASS" starttime="20231115 17:58:51.481" endtime="20231115 17:58:51.482"/>
</kw>
<kw name="Create User" library="AppLibrary">
<arg>sonja</arg>
<arg>sonja123</arg>
<status status="PASS" starttime="20231115 17:58:51.482" endtime="20231115 17:58:51.482"/>
</kw>
<status status="PASS" starttime="20231115 17:58:51.481" endtime="20231115 17:58:51.482"/>
</kw>
<kw name="Input Credentials" library="resource">
<arg>pekka</arg>
<arg>pekka123</arg>
<kw name="Input" library="AppLibrary">
<arg>${username}</arg>
<status status="PASS" starttime="20231115 17:58:51.482" endtime="20231115 17:58:51.482"/>
</kw>
<kw name="Input" library="AppLibrary">
<arg>${password}</arg>
<status status="PASS" starttime="20231115 17:58:51.482" endtime="20231115 17:58:51.482"/>
</kw>
<kw name="Run Application" library="AppLibrary">
<status status="PASS" starttime="20231115 17:58:51.482" endtime="20231115 17:58:51.482"/>
</kw>
<status status="PASS" starttime="20231115 17:58:51.482" endtime="20231115 17:58:51.483"/>
</kw>
<kw name="Output Should Contain" library="AppLibrary">
<arg>New user registered</arg>
<status status="PASS" starttime="20231115 17:58:51.483" endtime="20231115 17:58:51.483"/>
</kw>
<status status="PASS" starttime="20231115 17:58:51.481" endtime="20231115 17:58:51.483"/>
</test>
<test id="s1-s2-t2" name="Register With Already Taken Username And Valid Password" line="17">
<kw name="Input New Command and Create User" type="SETUP">
<kw name="Input New Command" library="resource">
<kw name="Input" library="AppLibrary">
<arg>new</arg>
<status status="PASS" starttime="20231115 17:58:51.484" endtime="20231115 17:58:51.484"/>
</kw>
<status status="PASS" starttime="20231115 17:58:51.483" endtime="20231115 17:58:51.484"/>
</kw>
<kw name="Create User" library="AppLibrary">
<arg>sonja</arg>
<arg>sonja123</arg>
<status status="PASS" starttime="20231115 17:58:51.484" endtime="20231115 17:58:51.484"/>
</kw>
<status status="PASS" starttime="20231115 17:58:51.483" endtime="20231115 17:58:51.484"/>
</kw>
<kw name="Input Credentials" library="resource">
<arg>sonja</arg>
<arg>sonja123</arg>
<kw name="Input" library="AppLibrary">
<arg>${username}</arg>
<status status="PASS" starttime="20231115 17:58:51.484" endtime="20231115 17:58:51.484"/>
</kw>
<kw name="Input" library="AppLibrary">
<arg>${password}</arg>
<status status="PASS" starttime="20231115 17:58:51.484" endtime="20231115 17:58:51.485"/>
</kw>
<kw name="Run Application" library="AppLibrary">
<status status="PASS" starttime="20231115 17:58:51.485" endtime="20231115 17:58:51.485"/>
</kw>
<status status="PASS" starttime="20231115 17:58:51.484" endtime="20231115 17:58:51.485"/>
</kw>
<kw name="Output Should Contain" library="AppLibrary">
<arg>User with username sonja already exists</arg>
<status status="PASS" starttime="20231115 17:58:51.485" endtime="20231115 17:58:51.485"/>
</kw>
<status status="PASS" starttime="20231115 17:58:51.483" endtime="20231115 17:58:51.485"/>
</test>
<test id="s1-s2-t3" name="Register With Too Short Username And Valid Password" line="22">
<kw name="Input New Command and Create User" type="SETUP">
<kw name="Input New Command" library="resource">
<kw name="Input" library="AppLibrary">
<arg>new</arg>
<status status="PASS" starttime="20231115 17:58:51.486" endtime="20231115 17:58:51.486"/>
</kw>
<status status="PASS" starttime="20231115 17:58:51.486" endtime="20231115 17:58:51.486"/>
</kw>
<kw name="Create User" library="AppLibrary">
<arg>sonja</arg>
<arg>sonja123</arg>
<status status="PASS" starttime="20231115 17:58:51.486" endtime="20231115 17:58:51.486"/>
</kw>
<status status="PASS" starttime="20231115 17:58:51.485" endtime="20231115 17:58:51.486"/>
</kw>
<kw name="Input Credentials" library="resource">
<arg>so</arg>
<arg>sonja123</arg>
<kw name="Input" library="AppLibrary">
<arg>${username}</arg>
<status status="PASS" starttime="20231115 17:58:51.486" endtime="20231115 17:58:51.486"/>
</kw>
<kw name="Input" library="AppLibrary">
<arg>${password}</arg>
<status status="PASS" starttime="20231115 17:58:51.487" endtime="20231115 17:58:51.487"/>
</kw>
<kw name="Run Application" library="AppLibrary">
<status status="PASS" starttime="20231115 17:58:51.487" endtime="20231115 17:58:51.487"/>
</kw>
<status status="PASS" starttime="20231115 17:58:51.486" endtime="20231115 17:58:51.487"/>
</kw>
<kw name="Output Should Contain" library="AppLibrary">
<arg>Username must be at least 3 characters long and include only characters a-z</arg>
<status status="PASS" starttime="20231115 17:58:51.487" endtime="20231115 17:58:51.487"/>
</kw>
<status status="PASS" starttime="20231115 17:58:51.485" endtime="20231115 17:58:51.487"/>
</test>
<test id="s1-s2-t4" name="Register With Enough Long But Invald Username And Valid Password" line="27">
<kw name="Input New Command and Create User" type="SETUP">
<kw name="Input New Command" library="resource">
<kw name="Input" library="AppLibrary">
<arg>new</arg>
<status status="PASS" starttime="20231115 17:58:51.488" endtime="20231115 17:58:51.488"/>
</kw>
<status status="PASS" starttime="20231115 17:58:51.488" endtime="20231115 17:58:51.488"/>
</kw>
<kw name="Create User" library="AppLibrary">
<arg>sonja</arg>
<arg>sonja123</arg>
<status status="PASS" starttime="20231115 17:58:51.488" endtime="20231115 17:58:51.488"/>
</kw>
<status status="PASS" starttime="20231115 17:58:51.487" endtime="20231115 17:58:51.488"/>
</kw>
<kw name="Input Credentials" library="resource">
<arg>123</arg>
<arg>sonja123</arg>
<kw name="Input" library="AppLibrary">
<arg>${username}</arg>
<status status="PASS" starttime="20231115 17:58:51.488" endtime="20231115 17:58:51.488"/>
</kw>
<kw name="Input" library="AppLibrary">
<arg>${password}</arg>
<status status="PASS" starttime="20231115 17:58:51.488" endtime="20231115 17:58:51.489"/>
</kw>
<kw name="Run Application" library="AppLibrary">
<status status="PASS" starttime="20231115 17:58:51.489" endtime="20231115 17:58:51.489"/>
</kw>
<status status="PASS" starttime="20231115 17:58:51.488" endtime="20231115 17:58:51.489"/>
</kw>
<kw name="Output Should Contain" library="AppLibrary">
<arg>Username must be at least 3 characters long and include only characters a-z</arg>
<status status="PASS" starttime="20231115 17:58:51.489" endtime="20231115 17:58:51.489"/>
</kw>
<status status="PASS" starttime="20231115 17:58:51.487" endtime="20231115 17:58:51.489"/>
</test>
<test id="s1-s2-t5" name="Register With Valid Username And Too Short Password" line="32">
<kw name="Input New Command and Create User" type="SETUP">
<kw name="Input New Command" library="resource">
<kw name="Input" library="AppLibrary">
<arg>new</arg>
<status status="PASS" starttime="20231115 17:58:51.490" endtime="20231115 17:58:51.490"/>
</kw>
<status status="PASS" starttime="20231115 17:58:51.489" endtime="20231115 17:58:51.490"/>
</kw>
<kw name="Create User" library="AppLibrary">
<arg>sonja</arg>
<arg>sonja123</arg>
<status status="PASS" starttime="20231115 17:58:51.490" endtime="20231115 17:58:51.490"/>
</kw>
<status status="PASS" starttime="20231115 17:58:51.489" endtime="20231115 17:58:51.490"/>
</kw>
<kw name="Input Credentials" library="resource">
<arg>testi</arg>
<arg>123</arg>
<kw name="Input" library="AppLibrary">
<arg>${username}</arg>
<status status="PASS" starttime="20231115 17:58:51.490" endtime="20231115 17:58:51.490"/>
</kw>
<kw name="Input" library="AppLibrary">
<arg>${password}</arg>
<status status="PASS" starttime="20231115 17:58:51.490" endtime="20231115 17:58:51.491"/>
</kw>
<kw name="Run Application" library="AppLibrary">
<status status="PASS" starttime="20231115 17:58:51.491" endtime="20231115 17:58:51.491"/>
</kw>
<status status="PASS" starttime="20231115 17:58:51.490" endtime="20231115 17:58:51.491"/>
</kw>
<kw name="Output Should Contain" library="AppLibrary">
<arg>Password must be at least 8 characters long and it can't include only letters</arg>
<status status="PASS" starttime="20231115 17:58:51.491" endtime="20231115 17:58:51.491"/>
</kw>
<status status="PASS" starttime="20231115 17:58:51.489" endtime="20231115 17:58:51.491"/>
</test>
<status status="PASS" starttime="20231115 17:58:51.479" endtime="20231115 17:58:51.491"/>
</suite>
<status status="PASS" starttime="20231115 17:58:51.453" endtime="20231115 17:58:51.492"/>
</suite>
<statistics>
<total>
<stat pass="8" fail="0" skip="0">All Tests</stat>
</total>
<tag>
</tag>
<suite>
<stat pass="8" fail="0" skip="0" id="s1" name="Tests">Tests</stat>
<stat pass="3" fail="0" skip="0" id="s1-s1" name="Login">Tests.Login</stat>
<stat pass="5" fail="0" skip="0" id="s1-s2" name="Register">Tests.Register</stat>
</suite>
</statistics>
<errors>
</errors>
</robot>
